<?xml version="1.0" encoding="UTF-8"?>
<testsuite xmlns:xsi="http://www.w3.org/2001/XMLSchema-instance" xsi:noNamespaceSchemaLocation="https://maven.apache.org/surefire/maven-surefire-plugin/xsd/surefire-test-report-3.0.xsd" version="3.0" name="com.sunknowledge.dme.rcm.security.SecurityUtilsUnitTest" time="0.163" tests="6" errors="0" skipped="0" failures="0">
  <properties>
[...]
</properties>
  <testcase name="testIsAuthenticated" classname="com.sunknowledge.dme.rcm.security.SecurityUtilsUnitTest" time="0.128">
    <system-out><![CDATA[2022-10-14 20:03:10.390 DEBUG   --- [           main] com.tngtech.archunit.ArchConfiguration   : No configuration found in classpath at archunit.properties => Using default configuration
]]></system-out>
  </testcase>
  <testcase name="testHasCurrentUserThisAuthority" classname="com.sunknowledge.dme.rcm.security.SecurityUtilsUnitTest" time="0.004"/>
  <testcase name="testHasCurrentUserNoneOfAuthorities" classname="com.sunknowledge.dme.rcm.security.SecurityUtilsUnitTest" time="0.001"/>
  <testcase name="testgetCurrentUserLogin" classname="com.sunknowledge.dme.rcm.security.SecurityUtilsUnitTest" time="0.011"/>
  <testcase name="testAnonymousIsNotAuthenticated" classname="com.sunknowledge.dme.rcm.security.SecurityUtilsUnitTest" time="0.001"/>
  <testcase name="testHasCurrentUserAnyOfAuthorities" classname="com.sunknowledge.dme.rcm.security.SecurityUtilsUnitTest" time="0.001"/>
</testsuite>